
--- Analysis Error 755 ---
Traceback (most recent call last):
  File "C:\Users\choje\OneDrive\바탕 화면\clony\clony-mobile\server\main.py", line 1259, in analyze_product
    raise RuntimeError("All Gemini models failed.")
RuntimeError: All Gemini models failed.

--- Analysis Error 656 ---
Traceback (most recent call last):
  File "C:\Users\choje\OneDrive\바탕 화면\clony\clony-mobile\server\main.py", line 1259, in analyze_product
    result = json.loads(text_response)
RuntimeError: All Gemini models failed.

--- Analysis Error 479 ---
Traceback (most recent call last):
  File "C:\Users\choje\OneDrive\바탕 화면\clony\clony-mobile\server\main.py", line 1268, in analyze_product
    raise RuntimeError("All Gemini models failed.")
RuntimeError: All Gemini models failed.

--- Analysis Error 754 ---
Traceback (most recent call last):
  File "C:\Users\choje\OneDrive\바탕 화면\clony\clony-mobile\server\main.py", line 1268, in analyze_product
    raise RuntimeError("All Gemini models failed.")
RuntimeError: All Gemini models failed.

--- Analysis Error 603 ---
Traceback (most recent call last):
  File "C:\Users\choje\OneDrive\바탕 화면\clony\clony-mobile\server\main.py", line 1268, in analyze_product
    raise RuntimeError("All Gemini models failed.")
RuntimeError: All Gemini models failed.

--- Analysis Error 907 ---
Traceback (most recent call last):
  File "C:\Users\choje\OneDrive\바탕 화면\clony\clony-mobile\server\main.py", line 1268, in analyze_product
    raise RuntimeError("All Gemini models failed.")
RuntimeError: All Gemini models failed.

--- Analysis Error 943 ---
Traceback (most recent call last):
  File "C:\Users\choje\OneDrive\바탕 화면\clony\clony-mobile\server\main.py", line 1274, in analyze_product
    raise RuntimeError("All Gemini models failed.")
RuntimeError: All Gemini models failed.

--- Analysis Error 817 ---
Traceback (most recent call last):
  File "C:\Users\choje\OneDrive\바탕 화면\clony\clony-mobile\server\main.py", line 1274, in analyze_product
    raise RuntimeError("All Gemini models failed.")
RuntimeError: All Gemini models failed.

--- Analysis Error 608 ---
Traceback (most recent call last):
  File "C:\Users\choje\OneDrive\바탕 화면\clony\clony-mobile\server\main.py", line 1275, in analyze_product
    raise RuntimeError("All Gemini models failed.")
RuntimeError: All Gemini models failed.

--- Analysis Error 508 ---
Traceback (most recent call last):
  File "C:\Users\choje\OneDrive\바탕 화면\clony\clony-mobile\server\main.py", line 1276, in analyze_product
    raise RuntimeError("All Gemini models failed.")
RuntimeError: All Gemini models failed.

--- Analysis Error 800 ---
Traceback (most recent call last):
  File "C:\Users\choje\OneDrive\바탕 화면\clony\clony-mobile\server\main.py", line 1276, in analyze_product
    raise RuntimeError("All Gemini models failed.")
RuntimeError: All Gemini models failed.

--- Analysis Error 342 ---
Traceback (most recent call last):
  File "C:\Users\choje\OneDrive\바탕 화면\clony\clony-mobile\server\main.py", line 1276, in analyze_product
    text_response = response.text
RuntimeError: All Gemini models failed.

--- Analysis Error 657 ---
Traceback (most recent call last):
  File "C:\Users\choje\OneDrive\바탕 화면\clony\clony-mobile\server\main.py", line 1276, in analyze_product
RuntimeError: All Gemini models failed.

--- Analysis Error 211 ---
Traceback (most recent call last):
  File "C:\Users\choje\OneDrive\바탕 화면\clony\clony-mobile\server\main.py", line 1296, in analyze_product
    raise RuntimeError("All Gemini models failed.")
RuntimeError: All Gemini models failed.

--- Analysis Error 109 ---
Traceback (most recent call last):
  File "C:\Users\choje\OneDrive\바탕 화면\clony\clony-mobile\server\main.py", line 1317, in analyze_product
    raise RuntimeError("All Gemini models failed.")
RuntimeError: All Gemini models failed.
